-------------------------------------------------------------------------------
Test set: com.lab.stpis1.Stpis1ApplicationTests
-------------------------------------------------------------------------------
Tests run: 1, Failures: 0, Errors: 1, Skipped: 0, Time elapsed: 6.796 s <<< FAILURE! - in com.lab.stpis1.Stpis1ApplicationTests
contextLoads  Time elapsed: 0.003 s  <<< ERROR!
java.lang.IllegalStateException: Failed to load ApplicationContext for [WebMergedContextConfiguration@2dcd451f testClass = com.lab.stpis1.Stpis1ApplicationTests, locations = [], classes = [com.lab.stpis1.Stpis1Application], contextInitializerClasses = [], activeProfiles = [], propertySourceLocations = [], propertySourceProperties = ["org.springframework.boot.test.context.SpringBootTestContextBootstrapper=true"], contextCustomizers = [org.springframework.boot.test.context.filter.ExcludeFilterContextCustomizer@783a467b, org.springframework.boot.test.json.DuplicateJsonObjectContextCustomizerFactory$DuplicateJsonObjectContextCustomizer@242b836, org.springframework.boot.test.mock.mockito.MockitoContextCustomizer@0, org.springframework.boot.test.web.client.TestRestTemplateContextCustomizer@5677323c, org.springframework.boot.test.autoconfigure.actuate.observability.ObservabilityContextCustomizerFactory$DisableObservabilityContextCustomizer@9da1, org.springframework.boot.test.autoconfigure.properties.PropertyMappingContextCustomizer@0, org.springframework.boot.test.autoconfigure.web.servlet.WebDriverContextCustomizerFactory$Customizer@644baf4a, org.springframework.boot.test.context.SpringBootTestAnnotation@d761e1b3], resourceBasePath = "src/main/webapp", contextLoader = org.springframework.boot.test.context.SpringBootContextLoader, parent = null]
Caused by: org.springframework.beans.factory.UnsatisfiedDependencyException: Error creating bean with name 'applicationController': Unsatisfied dependency expressed through field 'applicationService': Error creating bean with name 'applicationService' defined in file [D:\228\stpis1\target\classes\com\lab\stpis1\service\ApplicationService.class]: Unsatisfied dependency expressed through constructor parameter 0: Error creating bean with name 'applicationRepository' defined in com.lab.stpis1.repository.ApplicationRepository defined in @EnableJpaRepositories declared on JpaRepositoriesRegistrar.EnableJpaRepositoriesConfiguration: Not a managed type: class com.lab.stpis1.entity.Application
Caused by: org.springframework.beans.factory.UnsatisfiedDependencyException: Error creating bean with name 'applicationService' defined in file [D:\228\stpis1\target\classes\com\lab\stpis1\service\ApplicationService.class]: Unsatisfied dependency expressed through constructor parameter 0: Error creating bean with name 'applicationRepository' defined in com.lab.stpis1.repository.ApplicationRepository defined in @EnableJpaRepositories declared on JpaRepositoriesRegistrar.EnableJpaRepositoriesConfiguration: Not a managed type: class com.lab.stpis1.entity.Application
Caused by: org.springframework.beans.factory.BeanCreationException: Error creating bean with name 'applicationRepository' defined in com.lab.stpis1.repository.ApplicationRepository defined in @EnableJpaRepositories declared on JpaRepositoriesRegistrar.EnableJpaRepositoriesConfiguration: Not a managed type: class com.lab.stpis1.entity.Application
Caused by: java.lang.IllegalArgumentException: Not a managed type: class com.lab.stpis1.entity.Application

